<?xml version="1.0" encoding="UTF-8"?>
<testng-results skipped="0" failed="3" ignored="0" total="10" passed="7">
  <reporter-output>
  </reporter-output>
  <suite name="Default suite" duration-ms="135077" started-at="2019-11-04T10:18:33Z" finished-at="2019-11-04T10:20:48Z">
    <groups>
    </groups>
    <test name="Default test" duration-ms="135077" started-at="2019-11-04T10:18:33Z" finished-at="2019-11-04T10:20:48Z">
      <class name="TestResultCount.TestResultCount">
        <test-method status="PASS" signature="URLForAPI()[pri:0, instance:TestResultCount.TestResultCount@5ae50ce6]" name="URLForAPI" is-config="true" duration-ms="259" started-at="2019-11-04T10:18:33Z" finished-at="2019-11-04T10:18:33Z">
          <reporter-output>
          </reporter-output>
        </test-method> <!-- URLForAPI -->
        <test-method status="FAIL" signature="LccDomesticOneWayOneAdult_Case1()[pri:1, instance:TestResultCount.TestResultCount@5ae50ce6]" name="LccDomesticOneWayOneAdult_Case1" duration-ms="14630" started-at="2019-11-04T10:18:33Z" finished-at="2019-11-04T10:18:48Z">
          <exception class="java.lang.NullPointerException">
            <full-stacktrace>
              <![CDATA[java.lang.NullPointerException
at ResultCount.ResultCount.SupplierWiseCount(ResultCount.java:107)
at TestResultCount.TestResultCount.LccDomesticOneWayOneAdult_Case1(TestResultCount.java:35)
at sun.reflect.NativeMethodAccessorImpl.invoke0(Native Method)
at sun.reflect.NativeMethodAccessorImpl.invoke(NativeMethodAccessorImpl.java:62)
at sun.reflect.DelegatingMethodAccessorImpl.invoke(DelegatingMethodAccessorImpl.java:43)
at java.lang.reflect.Method.invoke(Method.java:498)
at org.testng.internal.MethodInvocationHelper.invokeMethod(MethodInvocationHelper.java:124)
at org.testng.internal.Invoker.invokeMethod(Invoker.java:583)
at org.testng.internal.Invoker.invokeTestMethod(Invoker.java:719)
at org.testng.internal.Invoker.invokeTestMethods(Invoker.java:989)
at org.testng.internal.TestMethodWorker.invokeTestMethods(TestMethodWorker.java:125)
at org.testng.internal.TestMethodWorker.run(TestMethodWorker.java:109)
at org.testng.TestRunner.privateRun(TestRunner.java:648)
at org.testng.TestRunner.run(TestRunner.java:505)
at org.testng.SuiteRunner.runTest(SuiteRunner.java:455)
at org.testng.SuiteRunner.runSequentially(SuiteRunner.java:450)
at org.testng.SuiteRunner.privateRun(SuiteRunner.java:415)
at org.testng.SuiteRunner.run(SuiteRunner.java:364)
at org.testng.SuiteRunnerWorker.runSuite(SuiteRunnerWorker.java:52)
at org.testng.SuiteRunnerWorker.run(SuiteRunnerWorker.java:84)
at org.testng.TestNG.runSuitesSequentially(TestNG.java:1208)
at org.testng.TestNG.runSuitesLocally(TestNG.java:1137)
at org.testng.TestNG.runSuites(TestNG.java:1049)
at org.testng.TestNG.run(TestNG.java:1017)
at org.testng.remote.AbstractRemoteTestNG.run(AbstractRemoteTestNG.java:115)
at org.testng.remote.RemoteTestNG.initAndRun(RemoteTestNG.java:251)
at org.testng.remote.RemoteTestNG.main(RemoteTestNG.java:77)
]]>
            </full-stacktrace>
          </exception> <!-- java.lang.NullPointerException -->
          <reporter-output>
          </reporter-output>
        </test-method> <!-- LccDomesticOneWayOneAdult_Case1 -->
        <test-method status="PASS" signature="URLForAPI()[pri:0, instance:TestResultCount.TestResultCount@5ae50ce6]" name="URLForAPI" is-config="true" duration-ms="0" started-at="2019-11-04T10:18:48Z" finished-at="2019-11-04T10:18:48Z">
          <reporter-output>
          </reporter-output>
        </test-method> <!-- URLForAPI -->
        <test-method status="PASS" signature="DomesticOneWayOneAdult_Case1()[pri:2, instance:TestResultCount.TestResultCount@5ae50ce6]" name="DomesticOneWayOneAdult_Case1" duration-ms="11564" started-at="2019-11-04T10:18:48Z" finished-at="2019-11-04T10:18:59Z">
          <reporter-output>
          </reporter-output>
        </test-method> <!-- DomesticOneWayOneAdult_Case1 -->
        <test-method status="PASS" signature="URLForAPI()[pri:0, instance:TestResultCount.TestResultCount@5ae50ce6]" name="URLForAPI" is-config="true" duration-ms="0" started-at="2019-11-04T10:18:59Z" finished-at="2019-11-04T10:18:59Z">
          <reporter-output>
          </reporter-output>
        </test-method> <!-- URLForAPI -->
        <test-method status="FAIL" signature="DomesticOneWayTwoAdult_Case1()[pri:3, instance:TestResultCount.TestResultCount@5ae50ce6]" name="DomesticOneWayTwoAdult_Case1" duration-ms="1098" started-at="2019-11-04T10:18:59Z" finished-at="2019-11-04T10:19:00Z">
          <exception class="java.lang.IllegalArgumentException">
            <message>
              <![CDATA[Cannot invoke method getAt() on null object]]>
            </message>
            <full-stacktrace>
              <![CDATA[java.lang.IllegalArgumentException: Cannot invoke method getAt() on null object
at sun.reflect.NativeConstructorAccessorImpl.newInstance0(Native Method)
at sun.reflect.NativeConstructorAccessorImpl.newInstance(NativeConstructorAccessorImpl.java:62)
at sun.reflect.DelegatingConstructorAccessorImpl.newInstance(DelegatingConstructorAccessorImpl.java:45)
at java.lang.reflect.Constructor.newInstance(Constructor.java:423)
at org.codehaus.groovy.reflection.CachedConstructor.invoke(CachedConstructor.java:83)
at org.codehaus.groovy.runtime.callsite.ConstructorSite$ConstructorSiteNoUnwrapNoCoerce.callConstructor(ConstructorSite.java:105)
at org.codehaus.groovy.runtime.callsite.CallSiteArray.defaultCallConstructor(CallSiteArray.java:59)
at org.codehaus.groovy.runtime.callsite.AbstractCallSite.callConstructor(AbstractCallSite.java:238)
at org.codehaus.groovy.runtime.callsite.AbstractCallSite.callConstructor(AbstractCallSite.java:258)
at io.restassured.internal.path.json.JSONAssertion.getAsJsonObject(JSONAssertion.groovy:57)
at io.restassured.internal.path.json.JSONAssertion$getAsJsonObject.callCurrent(Unknown Source)
at io.restassured.internal.path.json.JSONAssertion.getResult(JSONAssertion.groovy:28)
at io.restassured.path.json.JsonPath.get(JsonPath.java:203)
at ResultCount.ResultCount.OneWaySearch(ResultCount.java:55)
at TestResultCount.TestResultCount.DomesticOneWayTwoAdult_Case1(TestResultCount.java:47)
at sun.reflect.NativeMethodAccessorImpl.invoke0(Native Method)
at sun.reflect.NativeMethodAccessorImpl.invoke(NativeMethodAccessorImpl.java:62)
at sun.reflect.DelegatingMethodAccessorImpl.invoke(DelegatingMethodAccessorImpl.java:43)
at java.lang.reflect.Method.invoke(Method.java:498)
at org.testng.internal.MethodInvocationHelper.invokeMethod(MethodInvocationHelper.java:124)
at org.testng.internal.Invoker.invokeMethod(Invoker.java:583)
at org.testng.internal.Invoker.invokeTestMethod(Invoker.java:719)
at org.testng.internal.Invoker.invokeTestMethods(Invoker.java:989)
at org.testng.internal.TestMethodWorker.invokeTestMethods(TestMethodWorker.java:125)
at org.testng.internal.TestMethodWorker.run(TestMethodWorker.java:109)
at org.testng.TestRunner.privateRun(TestRunner.java:648)
at org.testng.TestRunner.run(TestRunner.java:505)
at org.testng.SuiteRunner.runTest(SuiteRunner.java:455)
at org.testng.SuiteRunner.runSequentially(SuiteRunner.java:450)
at org.testng.SuiteRunner.privateRun(SuiteRunner.java:415)
at org.testng.SuiteRunner.run(SuiteRunner.java:364)
at org.testng.SuiteRunnerWorker.runSuite(SuiteRunnerWorker.java:52)
at org.testng.SuiteRunnerWorker.run(SuiteRunnerWorker.java:84)
at org.testng.TestNG.runSuitesSequentially(TestNG.java:1208)
at org.testng.TestNG.runSuitesLocally(TestNG.java:1137)
at org.testng.TestNG.runSuites(TestNG.java:1049)
at org.testng.TestNG.run(TestNG.java:1017)
at org.testng.remote.AbstractRemoteTestNG.run(AbstractRemoteTestNG.java:115)
at org.testng.remote.RemoteTestNG.initAndRun(RemoteTestNG.java:251)
at org.testng.remote.RemoteTestNG.main(RemoteTestNG.java:77)
Caused by: java.lang.NullPointerException: Cannot invoke method getAt() on null object
at org.codehaus.groovy.runtime.NullObject.invokeMethod(NullObject.java:91)
at org.codehaus.groovy.runtime.callsite.PogoMetaClassSite.call(PogoMetaClassSite.java:47)
at org.codehaus.groovy.runtime.callsite.CallSiteArray.defaultCall(CallSiteArray.java:47)
at org.codehaus.groovy.runtime.callsite.NullCallSite.call(NullCallSite.java:34)
at org.codehaus.groovy.runtime.callsite.CallSiteArray.defaultCall(CallSiteArray.java:47)
at org.codehaus.groovy.runtime.callsite.AbstractCallSite.call(AbstractCallSite.java:116)
at org.codehaus.groovy.runtime.callsite.AbstractCallSite.call(AbstractCallSite.java:128)
at Script1.run(Script1.groovy:1)
at groovy.lang.GroovyShell.evaluate(GroovyShell.java:574)
at groovy.lang.GroovyShell.evaluate(GroovyShell.java:612)
at groovy.lang.GroovyShell.evaluate(GroovyShell.java:583)
at sun.reflect.GeneratedMethodAccessor15.invoke(Unknown Source)
at sun.reflect.DelegatingMethodAccessorImpl.invoke(DelegatingMethodAccessorImpl.java:43)
at java.lang.reflect.Method.invoke(Method.java:498)
at org.codehaus.groovy.runtime.callsite.PogoMetaMethodSite$PogoCachedMethodSiteNoUnwrap.invoke(PogoMetaMethodSite.java:190)
at org.codehaus.groovy.runtime.callsite.PogoMetaMethodSite.call(PogoMetaMethodSite.java:71)
at org.codehaus.groovy.runtime.callsite.AbstractCallSite.call(AbstractCallSite.java:128)
at io.restassured.internal.path.json.JSONAssertion.eval(JSONAssertion.groovy:80)
at sun.reflect.GeneratedMethodAccessor14.invoke(Unknown Source)
at sun.reflect.DelegatingMethodAccessorImpl.invoke(DelegatingMethodAccessorImpl.java:43)
at java.lang.reflect.Method.invoke(Method.java:498)
at org.codehaus.groovy.runtime.callsite.PogoMetaMethodSite$PogoCachedMethodSiteNoUnwrapNoCoerce.invoke(PogoMetaMethodSite.java:210)
at org.codehaus.groovy.runtime.callsite.PogoMetaMethodSite.callCurrent(PogoMetaMethodSite.java:59)
at org.codehaus.groovy.runtime.callsite.AbstractCallSite.callCurrent(AbstractCallSite.java:185)
at io.restassured.internal.path.json.JSONAssertion.getAsJsonObject(JSONAssertion.groovy:46)
... 30 more
]]>
            </full-stacktrace>
          </exception> <!-- java.lang.IllegalArgumentException -->
          <reporter-output>
          </reporter-output>
        </test-method> <!-- DomesticOneWayTwoAdult_Case1 -->
        <test-method status="PASS" signature="URLForAPI()[pri:0, instance:TestResultCount.TestResultCount@5ae50ce6]" name="URLForAPI" is-config="true" duration-ms="1" started-at="2019-11-04T10:19:00Z" finished-at="2019-11-04T10:19:00Z">
          <reporter-output>
          </reporter-output>
        </test-method> <!-- URLForAPI -->
        <test-method status="PASS" signature="DomesticOneWayTAdult1_Case1()[pri:4, instance:TestResultCount.TestResultCount@5ae50ce6]" name="DomesticOneWayTAdult1_Case1" duration-ms="16665" started-at="2019-11-04T10:19:00Z" finished-at="2019-11-04T10:19:17Z">
          <reporter-output>
          </reporter-output>
        </test-method> <!-- DomesticOneWayTAdult1_Case1 -->
        <test-method status="PASS" signature="URLForAPI()[pri:0, instance:TestResultCount.TestResultCount@5ae50ce6]" name="URLForAPI" is-config="true" duration-ms="0" started-at="2019-11-04T10:19:17Z" finished-at="2019-11-04T10:19:17Z">
          <reporter-output>
          </reporter-output>
        </test-method> <!-- URLForAPI -->
        <test-method status="PASS" signature="AirArabia_Case1()[pri:5, instance:TestResultCount.TestResultCount@5ae50ce6]" name="AirArabia_Case1" duration-ms="7336" started-at="2019-11-04T10:19:17Z" finished-at="2019-11-04T10:19:24Z">
          <reporter-output>
          </reporter-output>
        </test-method> <!-- AirArabia_Case1 -->
        <test-method status="PASS" signature="URLForAPI()[pri:0, instance:TestResultCount.TestResultCount@5ae50ce6]" name="URLForAPI" is-config="true" duration-ms="0" started-at="2019-11-04T10:19:24Z" finished-at="2019-11-04T10:19:24Z">
          <reporter-output>
          </reporter-output>
        </test-method> <!-- URLForAPI -->
        <test-method status="PASS" signature="Sabre_Case1()[pri:6, instance:TestResultCount.TestResultCount@5ae50ce6]" name="Sabre_Case1" duration-ms="14327" started-at="2019-11-04T10:19:24Z" finished-at="2019-11-04T10:19:39Z">
          <reporter-output>
          </reporter-output>
        </test-method> <!-- Sabre_Case1 -->
        <test-method status="FAIL" signature="Mondee_Case1()[pri:7, instance:TestResultCount.TestResultCount@5ae50ce6]" name="Mondee_Case1" duration-ms="17724" started-at="2019-11-04T10:19:39Z" finished-at="2019-11-04T10:19:56Z">
          <exception class="java.lang.NullPointerException">
            <full-stacktrace>
              <![CDATA[java.lang.NullPointerException
at ResultCount.ResultCount.SupplierWiseCount(ResultCount.java:107)
at TestResultCount.TestResultCount.Mondee_Case1(TestResultCount.java:89)
at sun.reflect.NativeMethodAccessorImpl.invoke0(Native Method)
at sun.reflect.NativeMethodAccessorImpl.invoke(NativeMethodAccessorImpl.java:62)
at sun.reflect.DelegatingMethodAccessorImpl.invoke(DelegatingMethodAccessorImpl.java:43)
at java.lang.reflect.Method.invoke(Method.java:498)
at org.testng.internal.MethodInvocationHelper.invokeMethod(MethodInvocationHelper.java:124)
at org.testng.internal.Invoker.invokeMethod(Invoker.java:583)
at org.testng.internal.Invoker.invokeTestMethod(Invoker.java:719)
at org.testng.internal.Invoker.invokeTestMethods(Invoker.java:989)
at org.testng.internal.TestMethodWorker.invokeTestMethods(TestMethodWorker.java:125)
at org.testng.internal.TestMethodWorker.run(TestMethodWorker.java:109)
at org.testng.TestRunner.privateRun(TestRunner.java:648)
at org.testng.TestRunner.run(TestRunner.java:505)
at org.testng.SuiteRunner.runTest(SuiteRunner.java:455)
at org.testng.SuiteRunner.runSequentially(SuiteRunner.java:450)
at org.testng.SuiteRunner.privateRun(SuiteRunner.java:415)
at org.testng.SuiteRunner.run(SuiteRunner.java:364)
at org.testng.SuiteRunnerWorker.runSuite(SuiteRunnerWorker.java:52)
at org.testng.SuiteRunnerWorker.run(SuiteRunnerWorker.java:84)
at org.testng.TestNG.runSuitesSequentially(TestNG.java:1208)
at org.testng.TestNG.runSuitesLocally(TestNG.java:1137)
at org.testng.TestNG.runSuites(TestNG.java:1049)
at org.testng.TestNG.run(TestNG.java:1017)
at org.testng.remote.AbstractRemoteTestNG.run(AbstractRemoteTestNG.java:115)
at org.testng.remote.RemoteTestNG.initAndRun(RemoteTestNG.java:251)
at org.testng.remote.RemoteTestNG.main(RemoteTestNG.java:77)
]]>
            </full-stacktrace>
          </exception> <!-- java.lang.NullPointerException -->
          <reporter-output>
          </reporter-output>
        </test-method> <!-- Mondee_Case1 -->
        <test-method status="PASS" signature="URLForAPI()[pri:0, instance:TestResultCount.TestResultCount@5ae50ce6]" name="URLForAPI" is-config="true" duration-ms="0" started-at="2019-11-04T10:19:39Z" finished-at="2019-11-04T10:19:39Z">
          <reporter-output>
          </reporter-output>
        </test-method> <!-- URLForAPI -->
        <test-method status="PASS" signature="URLForAPI()[pri:0, instance:TestResultCount.TestResultCount@5ae50ce6]" name="URLForAPI" is-config="true" duration-ms="0" started-at="2019-11-04T10:19:56Z" finished-at="2019-11-04T10:19:56Z">
          <reporter-output>
          </reporter-output>
        </test-method> <!-- URLForAPI -->
        <test-method status="PASS" signature="PegasusAirways_Case1()[pri:9, instance:TestResultCount.TestResultCount@5ae50ce6]" name="PegasusAirways_Case1" duration-ms="23386" started-at="2019-11-04T10:19:56Z" finished-at="2019-11-04T10:20:20Z">
          <reporter-output>
          </reporter-output>
        </test-method> <!-- PegasusAirways_Case1 -->
        <test-method status="PASS" signature="URLForAPI()[pri:0, instance:TestResultCount.TestResultCount@5ae50ce6]" name="URLForAPI" is-config="true" duration-ms="0" started-at="2019-11-04T10:20:20Z" finished-at="2019-11-04T10:20:20Z">
          <reporter-output>
          </reporter-output>
        </test-method> <!-- URLForAPI -->
        <test-method status="PASS" signature="AvivaCenterAmadeus_Case1()[pri:10, instance:TestResultCount.TestResultCount@5ae50ce6]" name="AvivaCenterAmadeus_Case1" duration-ms="9755" started-at="2019-11-04T10:20:20Z" finished-at="2019-11-04T10:20:29Z">
          <reporter-output>
          </reporter-output>
        </test-method> <!-- AvivaCenterAmadeus_Case1 -->
        <test-method status="PASS" signature="FlightExperAmadeus_Case1()[pri:11, instance:TestResultCount.TestResultCount@5ae50ce6]" name="FlightExperAmadeus_Case1" duration-ms="12521" started-at="2019-11-04T10:20:29Z" finished-at="2019-11-04T10:20:42Z">
          <reporter-output>
          </reporter-output>
        </test-method> <!-- FlightExperAmadeus_Case1 -->
        <test-method status="PASS" signature="URLForAPI()[pri:0, instance:TestResultCount.TestResultCount@5ae50ce6]" name="URLForAPI" is-config="true" duration-ms="0" started-at="2019-11-04T10:20:29Z" finished-at="2019-11-04T10:20:29Z">
          <reporter-output>
          </reporter-output>
        </test-method> <!-- URLForAPI -->
        <test-method status="PASS" signature="sendreport()[pri:0, instance:TestResultCount.TestResultCount@5ae50ce6]" name="sendreport" is-config="true" duration-ms="5784" started-at="2019-11-04T10:20:42Z" finished-at="2019-11-04T10:20:48Z">
          <reporter-output>
          </reporter-output>
        </test-method> <!-- sendreport -->
      </class> <!-- TestResultCount.TestResultCount -->
    </test> <!-- Default test -->
  </suite> <!-- Default suite -->
</testng-results>
